[0.031s] Invoking command in '/home/HwHiAiUser/oradar_ros/build/oradar_lidar': CMAKE_PREFIX_PATH=/opt/ros/humble:${CMAKE_PREFIX_PATH} CONDA_PROMPT_MODIFIER=(base) _=/usr/bin/env /usr/bin/cmake --build /home/HwHiAiUser/oradar_ros/build/oradar_lidar -- -j3 -l3
[0.185s] [ 60%] Built target oradar_sdk
[0.253s] [ 70%] Built target oradar_scan
[0.308s] [ 80%] Built target non-blocking_test
[0.410s] [ 90%] Built target blocking_c_api_test
[0.474s] [100%] Built target blocking_test
[0.524s] Invoked command in '/home/HwHiAiUser/oradar_ros/build/oradar_lidar' returned '0': CMAKE_PREFIX_PATH=/opt/ros/humble:${CMAKE_PREFIX_PATH} CONDA_PROMPT_MODIFIER=(base) _=/usr/bin/env /usr/bin/cmake --build /home/HwHiAiUser/oradar_ros/build/oradar_lidar -- -j3 -l3
[0.543s] Invoking command in '/home/HwHiAiUser/oradar_ros/build/oradar_lidar': CMAKE_PREFIX_PATH=/opt/ros/humble:${CMAKE_PREFIX_PATH} CONDA_PROMPT_MODIFIER=(base) _=/usr/bin/env /usr/bin/cmake --install /home/HwHiAiUser/oradar_ros/build/oradar_lidar
[0.561s] -- Install configuration: "RELEASE"
[0.562s] -- Up-to-date: /home/HwHiAiUser/oradar_ros/install/oradar_lidar/lib/oradar_lidar/oradar_scan
[0.563s] -- Up-to-date: /home/HwHiAiUser/oradar_ros/install/oradar_lidar/share/oradar_lidar//launch
[0.563s] -- Up-to-date: /home/HwHiAiUser/oradar_ros/install/oradar_lidar/share/oradar_lidar//launch/ms200_scan.launch
[0.563s] -- Installing: /home/HwHiAiUser/oradar_ros/install/oradar_lidar/share/oradar_lidar//launch/ms200_scan.launch.py
[0.563s] -- Installing: /home/HwHiAiUser/oradar_ros/install/oradar_lidar/share/oradar_lidar//launch/ms200_scan_view.launch.py
[0.563s] -- Up-to-date: /home/HwHiAiUser/oradar_ros/install/oradar_lidar/share/oradar_lidar//launch/ms200_scan_view.launch
[0.564s] -- Up-to-date: /home/HwHiAiUser/oradar_ros/install/oradar_lidar/share/oradar_lidar//rviz2
[0.564s] -- Up-to-date: /home/HwHiAiUser/oradar_ros/install/oradar_lidar/share/oradar_lidar//rviz2/oradar_scan.rviz
[0.564s] -- Up-to-date: /home/HwHiAiUser/oradar_ros/install/oradar_lidar/share/ament_index/resource_index/package_run_dependencies/oradar_lidar
[0.564s] -- Up-to-date: /home/HwHiAiUser/oradar_ros/install/oradar_lidar/share/ament_index/resource_index/parent_prefix_path/oradar_lidar
[0.564s] -- Up-to-date: /home/HwHiAiUser/oradar_ros/install/oradar_lidar/share/oradar_lidar/environment/ament_prefix_path.sh
[0.567s] -- Up-to-date: /home/HwHiAiUser/oradar_ros/install/oradar_lidar/share/oradar_lidar/environment/ament_prefix_path.dsv
[0.568s] -- Up-to-date: /home/HwHiAiUser/oradar_ros/install/oradar_lidar/share/oradar_lidar/environment/path.sh
[0.568s] -- Up-to-date: /home/HwHiAiUser/oradar_ros/install/oradar_lidar/share/oradar_lidar/environment/path.dsv
[0.568s] -- Up-to-date: /home/HwHiAiUser/oradar_ros/install/oradar_lidar/share/oradar_lidar/local_setup.bash
[0.568s] -- Up-to-date: /home/HwHiAiUser/oradar_ros/install/oradar_lidar/share/oradar_lidar/local_setup.sh
[0.568s] -- Up-to-date: /home/HwHiAiUser/oradar_ros/install/oradar_lidar/share/oradar_lidar/local_setup.zsh
[0.568s] -- Up-to-date: /home/HwHiAiUser/oradar_ros/install/oradar_lidar/share/oradar_lidar/local_setup.dsv
[0.569s] -- Installing: /home/HwHiAiUser/oradar_ros/install/oradar_lidar/share/oradar_lidar/package.dsv
[0.569s] -- Up-to-date: /home/HwHiAiUser/oradar_ros/install/oradar_lidar/share/ament_index/resource_index/packages/oradar_lidar
[0.569s] -- Up-to-date: /home/HwHiAiUser/oradar_ros/install/oradar_lidar/share/oradar_lidar/cmake/oradar_lidarConfig.cmake
[0.575s] -- Up-to-date: /home/HwHiAiUser/oradar_ros/install/oradar_lidar/share/oradar_lidar/cmake/oradar_lidarConfig-version.cmake
[0.576s] -- Up-to-date: /home/HwHiAiUser/oradar_ros/install/oradar_lidar/share/oradar_lidar/package.xml
[0.587s] -- Up-to-date: /home/HwHiAiUser/oradar_ros/install/oradar_lidar/include/core/base/datatype.h
[0.587s] -- Up-to-date: /home/HwHiAiUser/oradar_ros/install/oradar_lidar/include/core/base/locker.h
[0.587s] -- Up-to-date: /home/HwHiAiUser/oradar_ros/install/oradar_lidar/include/core/base/thread.h
[0.587s] -- Up-to-date: /home/HwHiAiUser/oradar_ros/install/oradar_lidar/include/core/base/timer.h
[0.587s] -- Up-to-date: /home/HwHiAiUser/oradar_ros/install/oradar_lidar/include/core/base/typedef.h
[0.588s] -- Up-to-date: /home/HwHiAiUser/oradar_ros/install/oradar_lidar/include/core/base/utils.h
[0.588s] -- Up-to-date: /home/HwHiAiUser/oradar_ros/install/oradar_lidar/include/core/base/v8stdint.h
[0.588s] -- Up-to-date: /home/HwHiAiUser/oradar_ros/install/oradar_lidar/include/core/common/ChannelDevice.h
[0.588s] -- Up-to-date: /home/HwHiAiUser/oradar_ros/install/oradar_lidar/include/core/math/angles.h
[0.588s] -- Up-to-date: /home/HwHiAiUser/oradar_ros/install/oradar_lidar/include/core/network/ActiveSocket.h
[0.588s] -- Up-to-date: /home/HwHiAiUser/oradar_ros/install/oradar_lidar/include/core/network/PassiveSocket.h
[0.589s] -- Up-to-date: /home/HwHiAiUser/oradar_ros/install/oradar_lidar/include/core/network/SimpleSocket.h
[0.589s] -- Up-to-date: /home/HwHiAiUser/oradar_ros/install/oradar_lidar/include/core/network/StatTimer.h
[0.589s] -- Up-to-date: /home/HwHiAiUser/oradar_ros/install/oradar_lidar/include/core/serial/common.h
[0.589s] -- Up-to-date: /home/HwHiAiUser/oradar_ros/install/oradar_lidar/include/core/serial/serial.h
[0.589s] -- Up-to-date: /home/HwHiAiUser/oradar_ros/install/oradar_lidar/include/core/serial/impl/unix/lock.h
[0.590s] -- Up-to-date: /home/HwHiAiUser/oradar_ros/install/oradar_lidar/include/core/serial/impl/unix/unix.h
[0.590s] -- Up-to-date: /home/HwHiAiUser/oradar_ros/install/oradar_lidar/include/core/serial/impl/unix/unix_serial.h
[0.590s] -- Up-to-date: /home/HwHiAiUser/oradar_ros/install/oradar_lidar/include/src/ord_lidar_c_api_driver.h
[0.590s] -- Up-to-date: /home/HwHiAiUser/oradar_ros/install/oradar_lidar/include/src/ord_lidar_driver.h
[0.591s] -- Up-to-date: /home/HwHiAiUser/oradar_ros/install/oradar_lidar/include/src/ordlidar_protocol.h
[0.591s] -- Up-to-date: /home/HwHiAiUser/oradar_ros/install/oradar_lidar/include/src/filters/FullScanFilter.h
[0.591s] -- Up-to-date: /home/HwHiAiUser/oradar_ros/install/oradar_lidar/lib/liboradar_sdk.a
[0.591s] -- Up-to-date: /home/HwHiAiUser/oradar_ros/install/oradar_lidar/bin/blocking_test
[0.591s] -- Up-to-date: /home/HwHiAiUser/oradar_ros/install/oradar_lidar/bin/non-blocking_test
[0.592s] -- Up-to-date: /home/HwHiAiUser/oradar_ros/install/oradar_lidar/bin/blocking_c_api_test
[0.592s] Invoked command in '/home/HwHiAiUser/oradar_ros/build/oradar_lidar' returned '0': CMAKE_PREFIX_PATH=/opt/ros/humble:${CMAKE_PREFIX_PATH} CONDA_PROMPT_MODIFIER=(base) _=/usr/bin/env /usr/bin/cmake --install /home/HwHiAiUser/oradar_ros/build/oradar_lidar
