-- The C compiler identification is GNU 11.4.0
-- The CXX compiler identification is GNU 11.4.0
-- Detecting C compiler ABI info
-- Detecting C compiler ABI info - done
-- Check for working C compiler: /usr/bin/cc - skipped
-- Detecting C compile features
-- Detecting C compile features - done
-- Detecting CXX compiler ABI info
-- Detecting CXX compiler ABI info - done
-- Check for working CXX compiler: /usr/bin/c++ - skipped
-- Detecting CXX compile features
-- Detecting CXX compile features - done
-- Found Python3: /usr/local/miniconda3/bin/python3 (found version "3.9.2") found components: Interpreter 
-- Found rosidl_generator_c: 3.1.6 (/opt/ros/humble/share/rosidl_generator_c/cmake)
-- Found rosidl_adapter: 3.1.6 (/opt/ros/humble/share/rosidl_adapter/cmake)
-- Found rosidl_generator_cpp: 3.1.6 (/opt/ros/humble/share/rosidl_generator_cpp/cmake)
-- Using all available rosidl_typesupport_c: rosidl_typesupport_fastrtps_c;rosidl_typesupport_introspection_c
-- Using all available rosidl_typesupport_cpp: rosidl_typesupport_fastrtps_cpp;rosidl_typesupport_introspection_cpp
-- Found rmw_implementation_cmake: 6.1.2 (/opt/ros/humble/share/rmw_implementation_cmake/cmake)
-- Found rmw_fastrtps_cpp: 6.2.7 (/opt/ros/humble/share/rmw_fastrtps_cpp/cmake)
-- Found OpenSSL: /usr/lib/aarch64-linux-gnu/libcrypto.so (found version "3.0.2")  
-- Found FastRTPS: /opt/ros/humble/include  
-- Using RMW implementation 'rmw_fastrtps_cpp' as default
-- Looking for pthread.h
-- Looking for pthread.h - found
-- Performing Test CMAKE_HAVE_LIBC_PTHREAD
-- Performing Test CMAKE_HAVE_LIBC_PTHREAD - Success
-- Found Threads: TRUE  
-- Found sensor_msgs: 4.8.0 (/opt/ros/humble/share/sensor_msgs/cmake)
-- Found SWIG: /usr/bin/swig4.0 (found version "4.0.2")  
-- Found PythonInterp: /usr/local/miniconda3/bin/python (found version "3.9.2") 
-- Found PythonLibs: /usr/local/miniconda3/lib/libpython3.9.so (found version "3.9.2") 
-- Configuring done
-- Generating done
-- Build files have been written to: /home/HwHiAiUser/oradar_ros/build/oradar_lidar
[  5%] [32mBuilding CXX object sdk/CMakeFiles/oradar_sdk.dir/core/base/timer.cpp.o[0m
[ 10%] [32mBuilding CXX object sdk/CMakeFiles/oradar_sdk.dir/core/network/PassiveSocket.cpp.o[0m
[ 15%] [32mBuilding CXX object sdk/CMakeFiles/oradar_sdk.dir/core/network/SimpleSocket.cpp.o[0m
[ 20%] [32mBuilding CXX object sdk/CMakeFiles/oradar_sdk.dir/core/serial/serial.cpp.o[0m
[ 25%] [32mBuilding C object sdk/CMakeFiles/oradar_sdk.dir/core/serial/impl/unix/lock.c.o[0m
[ 30%] [32mBuilding CXX object sdk/CMakeFiles/oradar_sdk.dir/core/serial/impl/unix/list_ports_linux.cpp.o[0m
[ 35%] [32mBuilding CXX object sdk/CMakeFiles/oradar_sdk.dir/core/serial/impl/unix/unix_serial.cpp.o[0m
[ 40%] [32mBuilding CXX object sdk/CMakeFiles/oradar_sdk.dir/src/ord_lidar_c_api_driver.cpp.o[0m
[ 45%] [32mBuilding CXX object sdk/CMakeFiles/oradar_sdk.dir/src/ord_lidar_driver.cpp.o[0m
[ 50%] [32mBuilding CXX object sdk/CMakeFiles/oradar_sdk.dir/src/filters/FullScanFilter.cpp.o[0m
[ 55%] [32mBuilding CXX object sdk/CMakeFiles/oradar_sdk.dir/core/network/ActiveSocket.cpp.o[0m
[ 60%] [32m[1mLinking CXX static library ../liboradar_sdk.a[0m
[ 60%] Built target oradar_sdk
[ 65%] [32mBuilding CXX object CMakeFiles/oradar_scan.dir/src/oradar_scan_node.cpp.o[0m
[ 70%] [32m[1mLinking CXX executable oradar_scan[0m
[ 70%] Built target oradar_scan
[ 75%] [32mBuilding CXX object sdk/samples/CMakeFiles/non-blocking_test.dir/non-blocking_test.cpp.o[0m
[ 80%] [32m[1mLinking CXX executable ../../non-blocking_test[0m
[ 80%] Built target non-blocking_test
[ 85%] [32mBuilding C object sdk/samples/CMakeFiles/blocking_c_api_test.dir/blocking_c_api_test.c.o[0m
[ 90%] [32m[1mLinking CXX executable ../../blocking_c_api_test[0m
[ 90%] Built target blocking_c_api_test
[ 95%] [32mBuilding CXX object sdk/samples/CMakeFiles/blocking_test.dir/blocking_test.cpp.o[0m
[100%] [32m[1mLinking CXX executable ../../blocking_test[0m
[100%] Built target blocking_test
-- Install configuration: "RELEASE"
-- Installing: /home/HwHiAiUser/oradar_ros/install/oradar_lidar/lib/oradar_lidar/oradar_scan
-- Set runtime path of "/home/HwHiAiUser/oradar_ros/install/oradar_lidar/lib/oradar_lidar/oradar_scan" to ""
-- Installing: /home/HwHiAiUser/oradar_ros/install/oradar_lidar/share/oradar_lidar//launch
-- Installing: /home/HwHiAiUser/oradar_ros/install/oradar_lidar/share/oradar_lidar//launch/ms200_scan.launch
-- Installing: /home/HwHiAiUser/oradar_ros/install/oradar_lidar/share/oradar_lidar//launch/ms200_scan.launch.py
-- Installing: /home/HwHiAiUser/oradar_ros/install/oradar_lidar/share/oradar_lidar//launch/ms200_scan_view.launch.py
-- Installing: /home/HwHiAiUser/oradar_ros/install/oradar_lidar/share/oradar_lidar//launch/ms200_scan_view.launch
-- Installing: /home/HwHiAiUser/oradar_ros/install/oradar_lidar/share/oradar_lidar//rviz2
-- Installing: /home/HwHiAiUser/oradar_ros/install/oradar_lidar/share/oradar_lidar//rviz2/oradar_scan.rviz
-- Installing: /home/HwHiAiUser/oradar_ros/install/oradar_lidar/share/ament_index/resource_index/package_run_dependencies/oradar_lidar
-- Installing: /home/HwHiAiUser/oradar_ros/install/oradar_lidar/share/ament_index/resource_index/parent_prefix_path/oradar_lidar
-- Installing: /home/HwHiAiUser/oradar_ros/install/oradar_lidar/share/oradar_lidar/environment/ament_prefix_path.sh
-- Installing: /home/HwHiAiUser/oradar_ros/install/oradar_lidar/share/oradar_lidar/environment/ament_prefix_path.dsv
-- Installing: /home/HwHiAiUser/oradar_ros/install/oradar_lidar/share/oradar_lidar/environment/path.sh
-- Installing: /home/HwHiAiUser/oradar_ros/install/oradar_lidar/share/oradar_lidar/environment/path.dsv
-- Installing: /home/HwHiAiUser/oradar_ros/install/oradar_lidar/share/oradar_lidar/local_setup.bash
-- Installing: /home/HwHiAiUser/oradar_ros/install/oradar_lidar/share/oradar_lidar/local_setup.sh
-- Installing: /home/HwHiAiUser/oradar_ros/install/oradar_lidar/share/oradar_lidar/local_setup.zsh
-- Installing: /home/HwHiAiUser/oradar_ros/install/oradar_lidar/share/oradar_lidar/local_setup.dsv
-- Installing: /home/HwHiAiUser/oradar_ros/install/oradar_lidar/share/oradar_lidar/package.dsv
-- Installing: /home/HwHiAiUser/oradar_ros/install/oradar_lidar/share/ament_index/resource_index/packages/oradar_lidar
-- Installing: /home/HwHiAiUser/oradar_ros/install/oradar_lidar/share/oradar_lidar/cmake/oradar_lidarConfig.cmake
-- Installing: /home/HwHiAiUser/oradar_ros/install/oradar_lidar/share/oradar_lidar/cmake/oradar_lidarConfig-version.cmake
-- Installing: /home/HwHiAiUser/oradar_ros/install/oradar_lidar/share/oradar_lidar/package.xml
-- Installing: /home/HwHiAiUser/oradar_ros/install/oradar_lidar/include/core/base/datatype.h
-- Installing: /home/HwHiAiUser/oradar_ros/install/oradar_lidar/include/core/base/locker.h
-- Installing: /home/HwHiAiUser/oradar_ros/install/oradar_lidar/include/core/base/thread.h
-- Installing: /home/HwHiAiUser/oradar_ros/install/oradar_lidar/include/core/base/timer.h
-- Installing: /home/HwHiAiUser/oradar_ros/install/oradar_lidar/include/core/base/typedef.h
-- Installing: /home/HwHiAiUser/oradar_ros/install/oradar_lidar/include/core/base/utils.h
-- Installing: /home/HwHiAiUser/oradar_ros/install/oradar_lidar/include/core/base/v8stdint.h
-- Installing: /home/HwHiAiUser/oradar_ros/install/oradar_lidar/include/core/common/ChannelDevice.h
-- Installing: /home/HwHiAiUser/oradar_ros/install/oradar_lidar/include/core/math/angles.h
-- Installing: /home/HwHiAiUser/oradar_ros/install/oradar_lidar/include/core/network/ActiveSocket.h
-- Installing: /home/HwHiAiUser/oradar_ros/install/oradar_lidar/include/core/network/PassiveSocket.h
-- Installing: /home/HwHiAiUser/oradar_ros/install/oradar_lidar/include/core/network/SimpleSocket.h
-- Installing: /home/HwHiAiUser/oradar_ros/install/oradar_lidar/include/core/network/StatTimer.h
-- Installing: /home/HwHiAiUser/oradar_ros/install/oradar_lidar/include/core/serial/common.h
-- Installing: /home/HwHiAiUser/oradar_ros/install/oradar_lidar/include/core/serial/serial.h
-- Installing: /home/HwHiAiUser/oradar_ros/install/oradar_lidar/include/core/serial/impl/unix/lock.h
-- Installing: /home/HwHiAiUser/oradar_ros/install/oradar_lidar/include/core/serial/impl/unix/unix.h
-- Installing: /home/HwHiAiUser/oradar_ros/install/oradar_lidar/include/core/serial/impl/unix/unix_serial.h
-- Installing: /home/HwHiAiUser/oradar_ros/install/oradar_lidar/include/src/ord_lidar_c_api_driver.h
-- Installing: /home/HwHiAiUser/oradar_ros/install/oradar_lidar/include/src/ord_lidar_driver.h
-- Installing: /home/HwHiAiUser/oradar_ros/install/oradar_lidar/include/src/ordlidar_protocol.h
-- Installing: /home/HwHiAiUser/oradar_ros/install/oradar_lidar/include/src/filters/FullScanFilter.h
-- Installing: /home/HwHiAiUser/oradar_ros/install/oradar_lidar/lib/liboradar_sdk.a
-- Installing: /home/HwHiAiUser/oradar_ros/install/oradar_lidar/bin/blocking_test
-- Installing: /home/HwHiAiUser/oradar_ros/install/oradar_lidar/bin/non-blocking_test
-- Installing: /home/HwHiAiUser/oradar_ros/install/oradar_lidar/bin/blocking_c_api_test
