[0.254s] DEBUG:colcon:Command line arguments: ['/usr/bin/colcon', 'build']
[0.255s] DEBUG:colcon:Parsed command line arguments: Namespace(log_base=None, log_level=None, verb_name='build', build_base='build', install_base='install', merge_install=False, symlink_install=False, test_result_base=None, continue_on_error=False, executor='parallel', parallel_workers=3, event_handlers=None, ignore_user_meta=False, metas=['./colcon.meta'], base_paths=['.'], packages_ignore=None, packages_ignore_regex=None, paths=None, packages_up_to=None, packages_up_to_regex=None, packages_above=None, packages_above_and_dependencies=None, packages_above_depth=None, packages_select_by_dep=None, packages_skip_by_dep=None, packages_skip_up_to=None, packages_select_build_failed=False, packages_skip_build_finished=False, packages_select_test_failures=False, packages_skip_test_passed=False, packages_select=None, packages_skip=None, packages_select_regex=None, packages_skip_regex=None, packages_start=None, packages_end=None, allow_overriding=[], cmake_args=None, cmake_target=None, cmake_target_skip_unavailable=False, cmake_clean_cache=False, cmake_clean_first=False, cmake_force_configure=False, ament_cmake_args=None, catkin_cmake_args=None, catkin_skip_building_tests=False, verb_parser=<colcon_defaults.argument_parser.defaults.DefaultArgumentsDecorator object at 0xe7ffbe4ec910>, verb_extension=<colcon_core.verb.build.BuildVerb object at 0xe7ffbe601db0>, main=<bound method BuildVerb.main of <colcon_core.verb.build.BuildVerb object at 0xe7ffbe601db0>>)
[0.641s] Level 1:colcon.colcon_core.package_discovery:discover_packages(colcon_meta) check parameters
[0.641s] Level 1:colcon.colcon_core.package_discovery:discover_packages(recursive) check parameters
[0.641s] Level 1:colcon.colcon_core.package_discovery:discover_packages(ignore) check parameters
[0.641s] Level 1:colcon.colcon_core.package_discovery:discover_packages(path) check parameters
[0.642s] Level 1:colcon.colcon_core.package_discovery:discover_packages(colcon_meta) discover
[0.642s] Level 1:colcon.colcon_core.package_discovery:discover_packages(recursive) discover
[0.642s] INFO:colcon.colcon_core.package_discovery:Crawling recursively for packages in '/home/HwHiAiUser/oradar_ros'
[0.642s] Level 1:colcon.colcon_core.package_identification:_identify(.) by extensions ['ignore', 'ignore_ament_install']
[0.642s] Level 1:colcon.colcon_core.package_identification:_identify(.) by extension 'ignore'
[0.642s] Level 1:colcon.colcon_core.package_identification:_identify(.) by extension 'ignore_ament_install'
[0.643s] Level 1:colcon.colcon_core.package_identification:_identify(.) by extensions ['colcon_pkg']
[0.643s] Level 1:colcon.colcon_core.package_identification:_identify(.) by extension 'colcon_pkg'
[0.643s] Level 1:colcon.colcon_core.package_identification:_identify(.) by extensions ['colcon_meta']
[0.643s] Level 1:colcon.colcon_core.package_identification:_identify(.) by extension 'colcon_meta'
[0.643s] Level 1:colcon.colcon_core.package_identification:_identify(.) by extensions ['ros']
[0.643s] Level 1:colcon.colcon_core.package_identification:_identify(.) by extension 'ros'
[0.676s] DEBUG:colcon.colcon_core.package_identification:Package '.' with type 'ros.ament_cmake' and name 'oradar_lidar'
[0.676s] Level 1:colcon.colcon_core.package_discovery:discover_packages(recursive) using defaults
[0.677s] Level 1:colcon.colcon_core.package_discovery:discover_packages(ignore) discover
[0.677s] Level 1:colcon.colcon_core.package_discovery:discover_packages(ignore) using defaults
[0.677s] Level 1:colcon.colcon_core.package_discovery:discover_packages(path) discover
[0.677s] Level 1:colcon.colcon_core.package_discovery:discover_packages(path) using defaults
[0.722s] Level 1:colcon.colcon_core.package_discovery:discover_packages(prefix_path) check parameters
[0.722s] Level 1:colcon.colcon_core.package_discovery:discover_packages(prefix_path) discover
[0.726s] DEBUG:colcon.colcon_installed_package_information.package_discovery:Found 1 installed packages in /home/HwHiAiUser/oradar_ros/install
[0.729s] DEBUG:colcon.colcon_installed_package_information.package_discovery:Found 293 installed packages in /opt/ros/humble
[0.769s] Level 1:colcon.colcon_core.package_discovery:discover_packages(prefix_path) using defaults
[0.862s] Level 5:colcon.colcon_core.verb:set package 'oradar_lidar' build argument 'cmake_args' from command line to 'None'
[0.863s] Level 5:colcon.colcon_core.verb:set package 'oradar_lidar' build argument 'cmake_target' from command line to 'None'
[0.863s] Level 5:colcon.colcon_core.verb:set package 'oradar_lidar' build argument 'cmake_target_skip_unavailable' from command line to 'False'
[0.863s] Level 5:colcon.colcon_core.verb:set package 'oradar_lidar' build argument 'cmake_clean_cache' from command line to 'False'
[0.863s] Level 5:colcon.colcon_core.verb:set package 'oradar_lidar' build argument 'cmake_clean_first' from command line to 'False'
[0.863s] Level 5:colcon.colcon_core.verb:set package 'oradar_lidar' build argument 'cmake_force_configure' from command line to 'False'
[0.863s] Level 5:colcon.colcon_core.verb:set package 'oradar_lidar' build argument 'ament_cmake_args' from command line to 'None'
[0.863s] Level 5:colcon.colcon_core.verb:set package 'oradar_lidar' build argument 'catkin_cmake_args' from command line to 'None'
[0.863s] Level 5:colcon.colcon_core.verb:set package 'oradar_lidar' build argument 'catkin_skip_building_tests' from command line to 'False'
[0.863s] DEBUG:colcon.colcon_core.verb:Building package 'oradar_lidar' with the following arguments: {'ament_cmake_args': None, 'build_base': '/home/HwHiAiUser/oradar_ros/build/oradar_lidar', 'catkin_cmake_args': None, 'catkin_skip_building_tests': False, 'cmake_args': None, 'cmake_clean_cache': False, 'cmake_clean_first': False, 'cmake_force_configure': False, 'cmake_target': None, 'cmake_target_skip_unavailable': False, 'install_base': '/home/HwHiAiUser/oradar_ros/install/oradar_lidar', 'merge_install': False, 'path': '/home/HwHiAiUser/oradar_ros', 'symlink_install': False, 'test_result_base': None}
[0.864s] INFO:colcon.colcon_core.executor:Executing jobs using 'parallel' executor
[0.866s] DEBUG:colcon.colcon_parallel_executor.executor.parallel:run_until_complete
[0.867s] INFO:colcon.colcon_ros.task.ament_cmake.build:Building ROS package in '/home/HwHiAiUser/oradar_ros' with build type 'ament_cmake'
[0.867s] INFO:colcon.colcon_cmake.task.cmake.build:Building CMake package in '/home/HwHiAiUser/oradar_ros'
[0.872s] INFO:colcon.colcon_core.plugin_system:Skipping extension 'colcon_core.shell.bat': Not used on non-Windows systems
[0.872s] INFO:colcon.colcon_core.shell:Skip shell extension 'powershell' for command environment: Not usable outside of PowerShell
[0.873s] DEBUG:colcon.colcon_core.shell:Skip shell extension 'dsv' for command environment
[0.899s] DEBUG:colcon.colcon_core.event_handler.log_command:Invoking command in '/home/HwHiAiUser/oradar_ros/build/oradar_lidar': CMAKE_PREFIX_PATH=/opt/ros/humble:${CMAKE_PREFIX_PATH} CONDA_PROMPT_MODIFIER=(base) _=/usr/bin/env /usr/bin/cmake --build /home/HwHiAiUser/oradar_ros/build/oradar_lidar -- -j3 -l3
[1.392s] DEBUG:colcon.colcon_core.event_handler.log_command:Invoked command in '/home/HwHiAiUser/oradar_ros/build/oradar_lidar' returned '0': CMAKE_PREFIX_PATH=/opt/ros/humble:${CMAKE_PREFIX_PATH} CONDA_PROMPT_MODIFIER=(base) _=/usr/bin/env /usr/bin/cmake --build /home/HwHiAiUser/oradar_ros/build/oradar_lidar -- -j3 -l3
[1.411s] DEBUG:colcon.colcon_core.event_handler.log_command:Invoking command in '/home/HwHiAiUser/oradar_ros/build/oradar_lidar': CMAKE_PREFIX_PATH=/opt/ros/humble:${CMAKE_PREFIX_PATH} CONDA_PROMPT_MODIFIER=(base) _=/usr/bin/env /usr/bin/cmake --install /home/HwHiAiUser/oradar_ros/build/oradar_lidar
[1.445s] Level 1:colcon.colcon_core.environment:create_environment_scripts_only(oradar_lidar)
[1.450s] Level 1:colcon.colcon_core.environment:checking '/home/HwHiAiUser/oradar_ros/install/oradar_lidar' for CMake module files
[1.451s] Level 1:colcon.colcon_core.environment:checking '/home/HwHiAiUser/oradar_ros/install/oradar_lidar' for CMake config files
[1.452s] Level 1:colcon.colcon_core.shell:create_environment_hook('oradar_lidar', 'cmake_prefix_path')
[1.453s] INFO:colcon.colcon_core.shell:Creating environment hook '/home/HwHiAiUser/oradar_ros/install/oradar_lidar/share/oradar_lidar/hook/cmake_prefix_path.ps1'
[1.458s] INFO:colcon.colcon_core.shell:Creating environment descriptor '/home/HwHiAiUser/oradar_ros/install/oradar_lidar/share/oradar_lidar/hook/cmake_prefix_path.dsv'
[1.460s] DEBUG:colcon.colcon_core.event_handler.log_command:Invoked command in '/home/HwHiAiUser/oradar_ros/build/oradar_lidar' returned '0': CMAKE_PREFIX_PATH=/opt/ros/humble:${CMAKE_PREFIX_PATH} CONDA_PROMPT_MODIFIER=(base) _=/usr/bin/env /usr/bin/cmake --install /home/HwHiAiUser/oradar_ros/build/oradar_lidar
[1.465s] INFO:colcon.colcon_core.shell:Creating environment hook '/home/HwHiAiUser/oradar_ros/install/oradar_lidar/share/oradar_lidar/hook/cmake_prefix_path.sh'
[1.468s] Level 1:colcon.colcon_core.environment:checking '/home/HwHiAiUser/oradar_ros/install/oradar_lidar/lib'
[1.469s] Level 1:colcon.colcon_core.environment:checking '/home/HwHiAiUser/oradar_ros/install/oradar_lidar/bin'
[1.469s] Level 1:colcon.colcon_core.shell:create_environment_hook('oradar_lidar', 'path')
[1.470s] INFO:colcon.colcon_core.shell:Creating environment hook '/home/HwHiAiUser/oradar_ros/install/oradar_lidar/share/oradar_lidar/hook/path.ps1'
[1.481s] INFO:colcon.colcon_core.shell:Creating environment descriptor '/home/HwHiAiUser/oradar_ros/install/oradar_lidar/share/oradar_lidar/hook/path.dsv'
[1.482s] INFO:colcon.colcon_core.shell:Creating environment hook '/home/HwHiAiUser/oradar_ros/install/oradar_lidar/share/oradar_lidar/hook/path.sh'
[1.483s] Level 1:colcon.colcon_core.environment:checking '/home/HwHiAiUser/oradar_ros/install/oradar_lidar/lib/pkgconfig/oradar_lidar.pc'
[1.484s] Level 1:colcon.colcon_core.environment:checking '/home/HwHiAiUser/oradar_ros/install/oradar_lidar/lib/python3.10/site-packages'
[1.484s] Level 1:colcon.colcon_core.environment:checking '/home/HwHiAiUser/oradar_ros/install/oradar_lidar/bin'
[1.485s] Level 1:colcon.colcon_core.shell:create_environment_hook('oradar_lidar', 'pythonscriptspath')
[1.485s] INFO:colcon.colcon_core.shell:Creating environment hook '/home/HwHiAiUser/oradar_ros/install/oradar_lidar/share/oradar_lidar/hook/pythonscriptspath.ps1'
[1.487s] INFO:colcon.colcon_core.shell:Creating environment descriptor '/home/HwHiAiUser/oradar_ros/install/oradar_lidar/share/oradar_lidar/hook/pythonscriptspath.dsv'
[1.488s] INFO:colcon.colcon_core.shell:Creating environment hook '/home/HwHiAiUser/oradar_ros/install/oradar_lidar/share/oradar_lidar/hook/pythonscriptspath.sh'
[1.491s] INFO:colcon.colcon_core.shell:Creating package script '/home/HwHiAiUser/oradar_ros/install/oradar_lidar/share/oradar_lidar/package.ps1'
[1.493s] INFO:colcon.colcon_core.shell:Creating package descriptor '/home/HwHiAiUser/oradar_ros/install/oradar_lidar/share/oradar_lidar/package.dsv'
[1.495s] INFO:colcon.colcon_core.shell:Creating package script '/home/HwHiAiUser/oradar_ros/install/oradar_lidar/share/oradar_lidar/package.sh'
[1.497s] INFO:colcon.colcon_core.shell:Creating package script '/home/HwHiAiUser/oradar_ros/install/oradar_lidar/share/oradar_lidar/package.bash'
[1.500s] INFO:colcon.colcon_core.shell:Creating package script '/home/HwHiAiUser/oradar_ros/install/oradar_lidar/share/oradar_lidar/package.zsh'
[1.502s] Level 1:colcon.colcon_core.environment:create_file_with_runtime_dependencies(/home/HwHiAiUser/oradar_ros/install/oradar_lidar/share/colcon-core/packages/oradar_lidar)
[1.504s] Level 1:colcon.colcon_core.environment:create_environment_scripts_only(oradar_lidar)
[1.505s] Level 1:colcon.colcon_core.environment:checking '/home/HwHiAiUser/oradar_ros/install/oradar_lidar' for CMake module files
[1.506s] Level 1:colcon.colcon_core.environment:checking '/home/HwHiAiUser/oradar_ros/install/oradar_lidar' for CMake config files
[1.507s] Level 1:colcon.colcon_core.shell:create_environment_hook('oradar_lidar', 'cmake_prefix_path')
[1.508s] INFO:colcon.colcon_core.shell:Creating environment hook '/home/HwHiAiUser/oradar_ros/install/oradar_lidar/share/oradar_lidar/hook/cmake_prefix_path.ps1'
[1.509s] INFO:colcon.colcon_core.shell:Creating environment descriptor '/home/HwHiAiUser/oradar_ros/install/oradar_lidar/share/oradar_lidar/hook/cmake_prefix_path.dsv'
[1.510s] INFO:colcon.colcon_core.shell:Creating environment hook '/home/HwHiAiUser/oradar_ros/install/oradar_lidar/share/oradar_lidar/hook/cmake_prefix_path.sh'
[1.512s] Level 1:colcon.colcon_core.environment:checking '/home/HwHiAiUser/oradar_ros/install/oradar_lidar/lib'
[1.513s] Level 1:colcon.colcon_core.environment:checking '/home/HwHiAiUser/oradar_ros/install/oradar_lidar/bin'
[1.513s] Level 1:colcon.colcon_core.shell:create_environment_hook('oradar_lidar', 'path')
[1.514s] INFO:colcon.colcon_core.shell:Creating environment hook '/home/HwHiAiUser/oradar_ros/install/oradar_lidar/share/oradar_lidar/hook/path.ps1'
[1.516s] INFO:colcon.colcon_core.shell:Creating environment descriptor '/home/HwHiAiUser/oradar_ros/install/oradar_lidar/share/oradar_lidar/hook/path.dsv'
[1.517s] INFO:colcon.colcon_core.shell:Creating environment hook '/home/HwHiAiUser/oradar_ros/install/oradar_lidar/share/oradar_lidar/hook/path.sh'
[1.518s] Level 1:colcon.colcon_core.environment:checking '/home/HwHiAiUser/oradar_ros/install/oradar_lidar/lib/pkgconfig/oradar_lidar.pc'
[1.519s] Level 1:colcon.colcon_core.environment:checking '/home/HwHiAiUser/oradar_ros/install/oradar_lidar/lib/python3.10/site-packages'
[1.520s] Level 1:colcon.colcon_core.environment:checking '/home/HwHiAiUser/oradar_ros/install/oradar_lidar/bin'
[1.520s] Level 1:colcon.colcon_core.shell:create_environment_hook('oradar_lidar', 'pythonscriptspath')
[1.521s] INFO:colcon.colcon_core.shell:Creating environment hook '/home/HwHiAiUser/oradar_ros/install/oradar_lidar/share/oradar_lidar/hook/pythonscriptspath.ps1'
[1.523s] INFO:colcon.colcon_core.shell:Creating environment descriptor '/home/HwHiAiUser/oradar_ros/install/oradar_lidar/share/oradar_lidar/hook/pythonscriptspath.dsv'
[1.524s] INFO:colcon.colcon_core.shell:Creating environment hook '/home/HwHiAiUser/oradar_ros/install/oradar_lidar/share/oradar_lidar/hook/pythonscriptspath.sh'
[1.526s] INFO:colcon.colcon_core.shell:Creating package script '/home/HwHiAiUser/oradar_ros/install/oradar_lidar/share/oradar_lidar/package.ps1'
[1.528s] INFO:colcon.colcon_core.shell:Creating package descriptor '/home/HwHiAiUser/oradar_ros/install/oradar_lidar/share/oradar_lidar/package.dsv'
[1.530s] INFO:colcon.colcon_core.shell:Creating package script '/home/HwHiAiUser/oradar_ros/install/oradar_lidar/share/oradar_lidar/package.sh'
[1.531s] INFO:colcon.colcon_core.shell:Creating package script '/home/HwHiAiUser/oradar_ros/install/oradar_lidar/share/oradar_lidar/package.bash'
[1.532s] INFO:colcon.colcon_core.shell:Creating package script '/home/HwHiAiUser/oradar_ros/install/oradar_lidar/share/oradar_lidar/package.zsh'
[1.533s] Level 1:colcon.colcon_core.environment:create_file_with_runtime_dependencies(/home/HwHiAiUser/oradar_ros/install/oradar_lidar/share/colcon-core/packages/oradar_lidar)
[1.534s] DEBUG:colcon.colcon_parallel_executor.executor.parallel:closing loop
[1.536s] DEBUG:colcon.colcon_parallel_executor.executor.parallel:loop closed
[1.536s] DEBUG:colcon.colcon_parallel_executor.executor.parallel:run_until_complete finished with '0'
[1.537s] DEBUG:colcon.colcon_core.event_reactor:joining thread
[1.553s] INFO:colcon.colcon_core.plugin_system:Skipping extension 'colcon_notification.desktop_notification.terminal_notifier': Not used on non-Darwin systems
[1.554s] INFO:colcon.colcon_core.plugin_system:Skipping extension 'colcon_notification.desktop_notification.win32': Not used on non-Windows systems
[1.554s] INFO:colcon.colcon_notification.desktop_notification:Sending desktop notification using 'notify2'
[1.580s] DEBUG:colcon.colcon_core.event_reactor:joined thread
[1.580s] INFO:colcon.colcon_core.shell:Creating prefix script '/home/HwHiAiUser/oradar_ros/install/local_setup.ps1'
[1.583s] INFO:colcon.colcon_core.shell:Creating prefix util module '/home/HwHiAiUser/oradar_ros/install/_local_setup_util_ps1.py'
[1.588s] INFO:colcon.colcon_core.shell:Creating prefix chain script '/home/HwHiAiUser/oradar_ros/install/setup.ps1'
[1.590s] INFO:colcon.colcon_core.shell:Creating prefix script '/home/HwHiAiUser/oradar_ros/install/local_setup.sh'
[1.592s] INFO:colcon.colcon_core.shell:Creating prefix util module '/home/HwHiAiUser/oradar_ros/install/_local_setup_util_sh.py'
[1.595s] INFO:colcon.colcon_core.shell:Creating prefix chain script '/home/HwHiAiUser/oradar_ros/install/setup.sh'
[1.601s] INFO:colcon.colcon_core.shell:Creating prefix script '/home/HwHiAiUser/oradar_ros/install/local_setup.bash'
[1.603s] INFO:colcon.colcon_core.shell:Creating prefix chain script '/home/HwHiAiUser/oradar_ros/install/setup.bash'
[1.605s] INFO:colcon.colcon_core.shell:Creating prefix script '/home/HwHiAiUser/oradar_ros/install/local_setup.zsh'
[1.606s] INFO:colcon.colcon_core.shell:Creating prefix chain script '/home/HwHiAiUser/oradar_ros/install/setup.zsh'
