[0.257s] DEBUG:colcon:Command line arguments: ['/usr/bin/colcon', 'build']
[0.257s] DEBUG:colcon:Parsed command line arguments: Namespace(log_base=None, log_level=None, verb_name='build', build_base='build', install_base='install', merge_install=False, symlink_install=False, test_result_base=None, continue_on_error=False, executor='parallel', parallel_workers=3, event_handlers=None, ignore_user_meta=False, metas=['./colcon.meta'], base_paths=['.'], packages_ignore=None, packages_ignore_regex=None, paths=None, packages_up_to=None, packages_up_to_regex=None, packages_above=None, packages_above_and_dependencies=None, packages_above_depth=None, packages_select_by_dep=None, packages_skip_by_dep=None, packages_skip_up_to=None, packages_select_build_failed=False, packages_skip_build_finished=False, packages_select_test_failures=False, packages_skip_test_passed=False, packages_select=None, packages_skip=None, packages_select_regex=None, packages_skip_regex=None, packages_start=None, packages_end=None, allow_overriding=[], cmake_args=None, cmake_target=None, cmake_target_skip_unavailable=False, cmake_clean_cache=False, cmake_clean_first=False, cmake_force_configure=False, ament_cmake_args=None, catkin_cmake_args=None, catkin_skip_building_tests=False, verb_parser=<colcon_defaults.argument_parser.defaults.DefaultArgumentsDecorator object at 0xe7ffd2b4c940>, verb_extension=<colcon_core.verb.build.BuildVerb object at 0xe7ffd2c61de0>, main=<bound method BuildVerb.main of <colcon_core.verb.build.BuildVerb object at 0xe7ffd2c61de0>>)
[0.647s] Level 1:colcon.colcon_core.package_discovery:discover_packages(colcon_meta) check parameters
[0.647s] Level 1:colcon.colcon_core.package_discovery:discover_packages(recursive) check parameters
[0.648s] Level 1:colcon.colcon_core.package_discovery:discover_packages(ignore) check parameters
[0.648s] Level 1:colcon.colcon_core.package_discovery:discover_packages(path) check parameters
[0.648s] Level 1:colcon.colcon_core.package_discovery:discover_packages(colcon_meta) discover
[0.648s] Level 1:colcon.colcon_core.package_discovery:discover_packages(recursive) discover
[0.648s] INFO:colcon.colcon_core.package_discovery:Crawling recursively for packages in '/home/HwHiAiUser/oradar_ros'
[0.648s] Level 1:colcon.colcon_core.package_identification:_identify(.) by extensions ['ignore', 'ignore_ament_install']
[0.648s] Level 1:colcon.colcon_core.package_identification:_identify(.) by extension 'ignore'
[0.649s] Level 1:colcon.colcon_core.package_identification:_identify(.) by extension 'ignore_ament_install'
[0.649s] Level 1:colcon.colcon_core.package_identification:_identify(.) by extensions ['colcon_pkg']
[0.649s] Level 1:colcon.colcon_core.package_identification:_identify(.) by extension 'colcon_pkg'
[0.649s] Level 1:colcon.colcon_core.package_identification:_identify(.) by extensions ['colcon_meta']
[0.649s] Level 1:colcon.colcon_core.package_identification:_identify(.) by extension 'colcon_meta'
[0.649s] Level 1:colcon.colcon_core.package_identification:_identify(.) by extensions ['ros']
[0.649s] Level 1:colcon.colcon_core.package_identification:_identify(.) by extension 'ros'
[0.683s] DEBUG:colcon.colcon_core.package_identification:Package '.' with type 'ros.ament_cmake' and name 'oradar_lidar'
[0.683s] Level 1:colcon.colcon_core.package_discovery:discover_packages(recursive) using defaults
[0.683s] Level 1:colcon.colcon_core.package_discovery:discover_packages(ignore) discover
[0.683s] Level 1:colcon.colcon_core.package_discovery:discover_packages(ignore) using defaults
[0.683s] Level 1:colcon.colcon_core.package_discovery:discover_packages(path) discover
[0.684s] Level 1:colcon.colcon_core.package_discovery:discover_packages(path) using defaults
[0.729s] Level 1:colcon.colcon_core.package_discovery:discover_packages(prefix_path) check parameters
[0.729s] Level 1:colcon.colcon_core.package_discovery:discover_packages(prefix_path) discover
[0.733s] DEBUG:colcon.colcon_installed_package_information.package_discovery:Found 1 installed packages in /home/HwHiAiUser/oradar_ros/install
[0.736s] DEBUG:colcon.colcon_installed_package_information.package_discovery:Found 293 installed packages in /opt/ros/humble
[0.776s] Level 1:colcon.colcon_core.package_discovery:discover_packages(prefix_path) using defaults
[0.872s] Level 5:colcon.colcon_core.verb:set package 'oradar_lidar' build argument 'cmake_args' from command line to 'None'
[0.873s] Level 5:colcon.colcon_core.verb:set package 'oradar_lidar' build argument 'cmake_target' from command line to 'None'
[0.873s] Level 5:colcon.colcon_core.verb:set package 'oradar_lidar' build argument 'cmake_target_skip_unavailable' from command line to 'False'
[0.873s] Level 5:colcon.colcon_core.verb:set package 'oradar_lidar' build argument 'cmake_clean_cache' from command line to 'False'
[0.873s] Level 5:colcon.colcon_core.verb:set package 'oradar_lidar' build argument 'cmake_clean_first' from command line to 'False'
[0.873s] Level 5:colcon.colcon_core.verb:set package 'oradar_lidar' build argument 'cmake_force_configure' from command line to 'False'
[0.873s] Level 5:colcon.colcon_core.verb:set package 'oradar_lidar' build argument 'ament_cmake_args' from command line to 'None'
[0.873s] Level 5:colcon.colcon_core.verb:set package 'oradar_lidar' build argument 'catkin_cmake_args' from command line to 'None'
[0.873s] Level 5:colcon.colcon_core.verb:set package 'oradar_lidar' build argument 'catkin_skip_building_tests' from command line to 'False'
[0.873s] DEBUG:colcon.colcon_core.verb:Building package 'oradar_lidar' with the following arguments: {'ament_cmake_args': None, 'build_base': '/home/HwHiAiUser/oradar_ros/build/oradar_lidar', 'catkin_cmake_args': None, 'catkin_skip_building_tests': False, 'cmake_args': None, 'cmake_clean_cache': False, 'cmake_clean_first': False, 'cmake_force_configure': False, 'cmake_target': None, 'cmake_target_skip_unavailable': False, 'install_base': '/home/HwHiAiUser/oradar_ros/install/oradar_lidar', 'merge_install': False, 'path': '/home/HwHiAiUser/oradar_ros', 'symlink_install': False, 'test_result_base': None}
[0.874s] INFO:colcon.colcon_core.executor:Executing jobs using 'parallel' executor
[0.880s] DEBUG:colcon.colcon_parallel_executor.executor.parallel:run_until_complete
[0.881s] INFO:colcon.colcon_ros.task.ament_cmake.build:Building ROS package in '/home/HwHiAiUser/oradar_ros' with build type 'ament_cmake'
[0.881s] INFO:colcon.colcon_cmake.task.cmake.build:Building CMake package in '/home/HwHiAiUser/oradar_ros'
[0.886s] INFO:colcon.colcon_core.plugin_system:Skipping extension 'colcon_core.shell.bat': Not used on non-Windows systems
[0.887s] INFO:colcon.colcon_core.shell:Skip shell extension 'powershell' for command environment: Not usable outside of PowerShell
[0.887s] DEBUG:colcon.colcon_core.shell:Skip shell extension 'dsv' for command environment
[0.933s] DEBUG:colcon.colcon_core.event_handler.log_command:Invoking command in '/home/HwHiAiUser/oradar_ros/build/oradar_lidar': CMAKE_PREFIX_PATH=/opt/ros/humble:${CMAKE_PREFIX_PATH} CONDA_PROMPT_MODIFIER=(base) _=/usr/bin/env /usr/bin/cmake /home/HwHiAiUser/oradar_ros -DCMAKE_INSTALL_PREFIX=/home/HwHiAiUser/oradar_ros/install/oradar_lidar
[3.350s] DEBUG:colcon.colcon_core.event_handler.log_command:Invoked command in '/home/HwHiAiUser/oradar_ros/build/oradar_lidar' returned '0': CMAKE_PREFIX_PATH=/opt/ros/humble:${CMAKE_PREFIX_PATH} CONDA_PROMPT_MODIFIER=(base) _=/usr/bin/env /usr/bin/cmake /home/HwHiAiUser/oradar_ros -DCMAKE_INSTALL_PREFIX=/home/HwHiAiUser/oradar_ros/install/oradar_lidar
[3.351s] DEBUG:colcon.colcon_core.event_handler.log_command:Invoking command in '/home/HwHiAiUser/oradar_ros/build/oradar_lidar': CMAKE_PREFIX_PATH=/opt/ros/humble:${CMAKE_PREFIX_PATH} CONDA_PROMPT_MODIFIER=(base) _=/usr/bin/env /usr/bin/cmake --build /home/HwHiAiUser/oradar_ros/build/oradar_lidar -- -j3 -l3
[4.466s] DEBUG:colcon.colcon_core.event_handler.log_command:Invoked command in '/home/HwHiAiUser/oradar_ros/build/oradar_lidar' returned '0': CMAKE_PREFIX_PATH=/opt/ros/humble:${CMAKE_PREFIX_PATH} CONDA_PROMPT_MODIFIER=(base) _=/usr/bin/env /usr/bin/cmake --build /home/HwHiAiUser/oradar_ros/build/oradar_lidar -- -j3 -l3
[4.559s] DEBUG:colcon.colcon_core.event_handler.log_command:Invoking command in '/home/HwHiAiUser/oradar_ros/build/oradar_lidar': CMAKE_PREFIX_PATH=/opt/ros/humble:${CMAKE_PREFIX_PATH} CONDA_PROMPT_MODIFIER=(base) _=/usr/bin/env /usr/bin/cmake --install /home/HwHiAiUser/oradar_ros/build/oradar_lidar
[4.606s] Level 1:colcon.colcon_core.environment:create_environment_scripts_only(oradar_lidar)
[4.612s] Level 1:colcon.colcon_core.environment:checking '/home/HwHiAiUser/oradar_ros/install/oradar_lidar' for CMake module files
[4.613s] Level 1:colcon.colcon_core.environment:checking '/home/HwHiAiUser/oradar_ros/install/oradar_lidar' for CMake config files
[4.614s] Level 1:colcon.colcon_core.shell:create_environment_hook('oradar_lidar', 'cmake_prefix_path')
[4.615s] INFO:colcon.colcon_core.shell:Creating environment hook '/home/HwHiAiUser/oradar_ros/install/oradar_lidar/share/oradar_lidar/hook/cmake_prefix_path.ps1'
[4.617s] DEBUG:colcon.colcon_core.event_handler.log_command:Invoked command in '/home/HwHiAiUser/oradar_ros/build/oradar_lidar' returned '0': CMAKE_PREFIX_PATH=/opt/ros/humble:${CMAKE_PREFIX_PATH} CONDA_PROMPT_MODIFIER=(base) _=/usr/bin/env /usr/bin/cmake --install /home/HwHiAiUser/oradar_ros/build/oradar_lidar
[4.617s] INFO:colcon.colcon_core.shell:Creating environment descriptor '/home/HwHiAiUser/oradar_ros/install/oradar_lidar/share/oradar_lidar/hook/cmake_prefix_path.dsv'
[4.619s] INFO:colcon.colcon_core.shell:Creating environment hook '/home/HwHiAiUser/oradar_ros/install/oradar_lidar/share/oradar_lidar/hook/cmake_prefix_path.sh'
[4.626s] Level 1:colcon.colcon_core.environment:checking '/home/HwHiAiUser/oradar_ros/install/oradar_lidar/lib'
[4.627s] Level 1:colcon.colcon_core.environment:checking '/home/HwHiAiUser/oradar_ros/install/oradar_lidar/bin'
[4.627s] Level 1:colcon.colcon_core.shell:create_environment_hook('oradar_lidar', 'path')
[4.628s] INFO:colcon.colcon_core.shell:Creating environment hook '/home/HwHiAiUser/oradar_ros/install/oradar_lidar/share/oradar_lidar/hook/path.ps1'
[4.635s] INFO:colcon.colcon_core.shell:Creating environment descriptor '/home/HwHiAiUser/oradar_ros/install/oradar_lidar/share/oradar_lidar/hook/path.dsv'
[4.639s] INFO:colcon.colcon_core.shell:Creating environment hook '/home/HwHiAiUser/oradar_ros/install/oradar_lidar/share/oradar_lidar/hook/path.sh'
[4.644s] Level 1:colcon.colcon_core.environment:checking '/home/HwHiAiUser/oradar_ros/install/oradar_lidar/lib/pkgconfig/oradar_lidar.pc'
[4.645s] Level 1:colcon.colcon_core.environment:checking '/home/HwHiAiUser/oradar_ros/install/oradar_lidar/lib/python3.10/site-packages'
[4.647s] Level 1:colcon.colcon_core.environment:checking '/home/HwHiAiUser/oradar_ros/install/oradar_lidar/bin'
[4.651s] Level 1:colcon.colcon_core.shell:create_environment_hook('oradar_lidar', 'pythonscriptspath')
[4.652s] INFO:colcon.colcon_core.shell:Creating environment hook '/home/HwHiAiUser/oradar_ros/install/oradar_lidar/share/oradar_lidar/hook/pythonscriptspath.ps1'
[4.653s] INFO:colcon.colcon_core.shell:Creating environment descriptor '/home/HwHiAiUser/oradar_ros/install/oradar_lidar/share/oradar_lidar/hook/pythonscriptspath.dsv'
[4.654s] INFO:colcon.colcon_core.shell:Creating environment hook '/home/HwHiAiUser/oradar_ros/install/oradar_lidar/share/oradar_lidar/hook/pythonscriptspath.sh'
[4.660s] INFO:colcon.colcon_core.shell:Creating package script '/home/HwHiAiUser/oradar_ros/install/oradar_lidar/share/oradar_lidar/package.ps1'
[4.663s] INFO:colcon.colcon_core.shell:Creating package descriptor '/home/HwHiAiUser/oradar_ros/install/oradar_lidar/share/oradar_lidar/package.dsv'
[4.665s] INFO:colcon.colcon_core.shell:Creating package script '/home/HwHiAiUser/oradar_ros/install/oradar_lidar/share/oradar_lidar/package.sh'
[4.667s] INFO:colcon.colcon_core.shell:Creating package script '/home/HwHiAiUser/oradar_ros/install/oradar_lidar/share/oradar_lidar/package.bash'
[4.669s] INFO:colcon.colcon_core.shell:Creating package script '/home/HwHiAiUser/oradar_ros/install/oradar_lidar/share/oradar_lidar/package.zsh'
[4.671s] Level 1:colcon.colcon_core.environment:create_file_with_runtime_dependencies(/home/HwHiAiUser/oradar_ros/install/oradar_lidar/share/colcon-core/packages/oradar_lidar)
[4.673s] Level 1:colcon.colcon_core.environment:create_environment_scripts_only(oradar_lidar)
[4.674s] Level 1:colcon.colcon_core.environment:checking '/home/HwHiAiUser/oradar_ros/install/oradar_lidar' for CMake module files
[4.676s] Level 1:colcon.colcon_core.environment:checking '/home/HwHiAiUser/oradar_ros/install/oradar_lidar' for CMake config files
[4.676s] Level 1:colcon.colcon_core.shell:create_environment_hook('oradar_lidar', 'cmake_prefix_path')
[4.677s] INFO:colcon.colcon_core.shell:Creating environment hook '/home/HwHiAiUser/oradar_ros/install/oradar_lidar/share/oradar_lidar/hook/cmake_prefix_path.ps1'
[4.679s] INFO:colcon.colcon_core.shell:Creating environment descriptor '/home/HwHiAiUser/oradar_ros/install/oradar_lidar/share/oradar_lidar/hook/cmake_prefix_path.dsv'
[4.680s] INFO:colcon.colcon_core.shell:Creating environment hook '/home/HwHiAiUser/oradar_ros/install/oradar_lidar/share/oradar_lidar/hook/cmake_prefix_path.sh'
[4.681s] Level 1:colcon.colcon_core.environment:checking '/home/HwHiAiUser/oradar_ros/install/oradar_lidar/lib'
[4.682s] Level 1:colcon.colcon_core.environment:checking '/home/HwHiAiUser/oradar_ros/install/oradar_lidar/bin'
[4.682s] Level 1:colcon.colcon_core.shell:create_environment_hook('oradar_lidar', 'path')
[4.683s] INFO:colcon.colcon_core.shell:Creating environment hook '/home/HwHiAiUser/oradar_ros/install/oradar_lidar/share/oradar_lidar/hook/path.ps1'
[4.685s] INFO:colcon.colcon_core.shell:Creating environment descriptor '/home/HwHiAiUser/oradar_ros/install/oradar_lidar/share/oradar_lidar/hook/path.dsv'
[4.686s] INFO:colcon.colcon_core.shell:Creating environment hook '/home/HwHiAiUser/oradar_ros/install/oradar_lidar/share/oradar_lidar/hook/path.sh'
[4.687s] Level 1:colcon.colcon_core.environment:checking '/home/HwHiAiUser/oradar_ros/install/oradar_lidar/lib/pkgconfig/oradar_lidar.pc'
[4.688s] Level 1:colcon.colcon_core.environment:checking '/home/HwHiAiUser/oradar_ros/install/oradar_lidar/lib/python3.10/site-packages'
[4.689s] Level 1:colcon.colcon_core.environment:checking '/home/HwHiAiUser/oradar_ros/install/oradar_lidar/bin'
[4.689s] Level 1:colcon.colcon_core.shell:create_environment_hook('oradar_lidar', 'pythonscriptspath')
[4.690s] INFO:colcon.colcon_core.shell:Creating environment hook '/home/HwHiAiUser/oradar_ros/install/oradar_lidar/share/oradar_lidar/hook/pythonscriptspath.ps1'
[4.691s] INFO:colcon.colcon_core.shell:Creating environment descriptor '/home/HwHiAiUser/oradar_ros/install/oradar_lidar/share/oradar_lidar/hook/pythonscriptspath.dsv'
[4.692s] INFO:colcon.colcon_core.shell:Creating environment hook '/home/HwHiAiUser/oradar_ros/install/oradar_lidar/share/oradar_lidar/hook/pythonscriptspath.sh'
[4.694s] INFO:colcon.colcon_core.shell:Creating package script '/home/HwHiAiUser/oradar_ros/install/oradar_lidar/share/oradar_lidar/package.ps1'
[4.696s] INFO:colcon.colcon_core.shell:Creating package descriptor '/home/HwHiAiUser/oradar_ros/install/oradar_lidar/share/oradar_lidar/package.dsv'
[4.697s] INFO:colcon.colcon_core.shell:Creating package script '/home/HwHiAiUser/oradar_ros/install/oradar_lidar/share/oradar_lidar/package.sh'
[4.698s] INFO:colcon.colcon_core.shell:Creating package script '/home/HwHiAiUser/oradar_ros/install/oradar_lidar/share/oradar_lidar/package.bash'
[4.700s] INFO:colcon.colcon_core.shell:Creating package script '/home/HwHiAiUser/oradar_ros/install/oradar_lidar/share/oradar_lidar/package.zsh'
[4.701s] Level 1:colcon.colcon_core.environment:create_file_with_runtime_dependencies(/home/HwHiAiUser/oradar_ros/install/oradar_lidar/share/colcon-core/packages/oradar_lidar)
[4.703s] DEBUG:colcon.colcon_parallel_executor.executor.parallel:closing loop
[4.703s] DEBUG:colcon.colcon_parallel_executor.executor.parallel:loop closed
[4.703s] DEBUG:colcon.colcon_parallel_executor.executor.parallel:run_until_complete finished with '0'
[4.704s] DEBUG:colcon.colcon_core.event_reactor:joining thread
[4.716s] INFO:colcon.colcon_core.plugin_system:Skipping extension 'colcon_notification.desktop_notification.terminal_notifier': Not used on non-Darwin systems
[4.717s] INFO:colcon.colcon_core.plugin_system:Skipping extension 'colcon_notification.desktop_notification.win32': Not used on non-Windows systems
[4.717s] INFO:colcon.colcon_notification.desktop_notification:Sending desktop notification using 'notify2'
[4.742s] DEBUG:colcon.colcon_core.event_reactor:joined thread
[4.743s] INFO:colcon.colcon_core.shell:Creating prefix script '/home/HwHiAiUser/oradar_ros/install/local_setup.ps1'
[4.746s] INFO:colcon.colcon_core.shell:Creating prefix util module '/home/HwHiAiUser/oradar_ros/install/_local_setup_util_ps1.py'
[4.761s] INFO:colcon.colcon_core.shell:Creating prefix chain script '/home/HwHiAiUser/oradar_ros/install/setup.ps1'
[4.768s] INFO:colcon.colcon_core.shell:Creating prefix script '/home/HwHiAiUser/oradar_ros/install/local_setup.sh'
[4.771s] INFO:colcon.colcon_core.shell:Creating prefix util module '/home/HwHiAiUser/oradar_ros/install/_local_setup_util_sh.py'
[4.773s] INFO:colcon.colcon_core.shell:Creating prefix chain script '/home/HwHiAiUser/oradar_ros/install/setup.sh'
[4.778s] INFO:colcon.colcon_core.shell:Creating prefix script '/home/HwHiAiUser/oradar_ros/install/local_setup.bash'
[4.782s] INFO:colcon.colcon_core.shell:Creating prefix chain script '/home/HwHiAiUser/oradar_ros/install/setup.bash'
[4.785s] INFO:colcon.colcon_core.shell:Creating prefix script '/home/HwHiAiUser/oradar_ros/install/local_setup.zsh'
[4.787s] INFO:colcon.colcon_core.shell:Creating prefix chain script '/home/HwHiAiUser/oradar_ros/install/setup.zsh'
